<?xml version="1.0" encoding="UTF-8"?>
<!-- Generated by org.testng.reporters.JUnitXMLReporter -->
<testsuite hostname="surapaneni" ignored="1" name="Test" tests="8" failures="2" timestamp="16 Dec 2020 10:28:04 GMT" time="1.024" errors="0">
  <testcase name="test1" time="0.009" classname="com.selenium.sai.framework.TestExtent"/>
  <testcase name="test2" time="0.002" classname="com.selenium.sai.framework.TestExtent">
    <failure type="java.lang.AssertionError" message="expected [true] but found [false]">
      <![CDATA[java.lang.AssertionError: expected [true] but found [false]
at com.selenium.sai.framework.TestExtent.test2(TestExtent.java:17)
... Removed 29 stack frames]]>
    </failure>
  </testcase> <!-- test2 -->
  <testcase name="test4" time="0.002" classname="com.selenium.sai.framework.TestExtent"/>
  <testcase name="test3" time="0.0" classname="com.selenium.sai.framework.TestExtent">
    <skipped/>
  </testcase> <!-- test3 -->
  <testcase name="test1" time="0.002" classname="com.selenium.sai.framework.TestExtent2"/>
  <testcase name="test2" time="0.001" classname="com.selenium.sai.framework.TestExtent2">
    <failure type="java.lang.AssertionError" message="expected [true] but found [false]">
      <![CDATA[java.lang.AssertionError: expected [true] but found [false]
at com.selenium.sai.framework.TestExtent2.test2(TestExtent2.java:17)
... Removed 29 stack frames]]>
    </failure>
  </testcase> <!-- test2 -->
  <testcase name="test4" time="0.004" classname="com.selenium.sai.framework.TestExtent2"/>
  <testcase name="test3" time="0.0" classname="com.selenium.sai.framework.TestExtent2">
    <skipped/>
  </testcase> <!-- test3 -->
  <testcase name="@BeforeSuite beforeSutite" time="0.0" classname="com.selenium.sai.framework.testbase.TestBase">
    <ignored/>
  </testcase> <!-- @BeforeSuite beforeSutite -->
</testsuite> <!-- Test -->
