<?xml version="1.0" encoding="UTF-8"?>
<!-- Generated by org.testng.reporters.JUnitXMLReporter -->
<testsuite hostname="surapaneni" ignored="0" name="Testing" tests="4" failures="1" timestamp="17 Dec 2020 08:14:28 GMT" time="12.18" errors="0">
  <testcase name="testScreen" time="2.277" classname="com.selenium.sai.framework.testScripts.TestScreenShot">
    <skipped/>
  </testcase> <!-- testScreen -->
  <testcase name="testScreen" time="0.566" classname="com.selenium.sai.framework.testScripts.TestScreenShot">
    <skipped/>
  </testcase> <!-- testScreen -->
  <testcase name="testScreen" time="1.349" classname="com.selenium.sai.framework.testScripts.TestScreenShot">
    <skipped/>
  </testcase> <!-- testScreen -->
  <testcase name="testScreen" time="1.295" classname="com.selenium.sai.framework.testScripts.TestScreenShot">
    <failure type="java.lang.AssertionError" message="expected [true] but found [false]">
      <![CDATA[java.lang.AssertionError: expected [true] but found [false]
at com.selenium.sai.framework.testScripts.TestScreenShot.testScreen(TestScreenShot.java:15)
... Removed 29 stack frames]]>
    </failure>
  </testcase> <!-- testScreen -->
</testsuite> <!-- Testing -->
