<?xml version="1.0" encoding="UTF-8"?>
<!-- Generated by org.testng.reporters.JUnitXMLReporter -->
<testsuite hostname="surapaneni" ignored="0" name="Third Test" tests="4" failures="1" timestamp="17 Dec 2020 09:11:39 GMT" time="0.056" errors="0">
  <testcase name="test3" time="0.002" classname="com.selenium.sai.framework.Test3">
    <skipped/>
  </testcase> <!-- test3 -->
  <testcase name="test3" time="0.005" classname="com.selenium.sai.framework.Test3">
    <skipped/>
  </testcase> <!-- test3 -->
  <testcase name="test3" time="0.003" classname="com.selenium.sai.framework.Test3">
    <skipped/>
  </testcase> <!-- test3 -->
  <testcase name="test3" time="0.003" classname="com.selenium.sai.framework.Test3">
    <failure type="java.lang.AssertionError" message="expected [true] but found [false]">
      <![CDATA[java.lang.AssertionError: expected [true] but found [false]
at com.selenium.sai.framework.Test3.test3(Test3.java:11)
... Removed 29 stack frames]]>
    </failure>
  </testcase> <!-- test3 -->
</testsuite> <!-- Third Test -->
