<!DOCTYPE html PUBLIC "-//W3C//DTD XHTML 1.1//EN" "http://www.w3.org/TR/xhtml11/DTD/xhtml11.dtd">
<html xmlns="http://www.w3.org/1999/xhtml">
<head>
<meta http-equiv="content-type" content="text/html; charset=UTF-8"/>
<title>TestNG Report</title>
<style type="text/css">table {margin-bottom:10px;border-collapse:collapse;empty-cells:show}th,td {border:1px solid #009;padding:.25em .5em}th {vertical-align:bottom}td {vertical-align:top}table a {font-weight:bold}.stripe td {background-color: #E6EBF9}.num {text-align:right}.passedodd td {background-color: #3F3}.passedeven td {background-color: #0A0}.skippedodd td {background-color: #DDD}.skippedeven td {background-color: #CCC}.failedodd td,.attn {background-color: #F33}.failedeven td,.stripe .attn {background-color: #D00}.stacktrace {white-space:pre;font-family:monospace}.totop {font-size:85%;text-align:center;border-bottom:2px solid #000}.invisible {display:none}</style>
</head>
<body>
<table>
<tr><th>Test</th><th># Passed</th><th># Skipped</th><th># Failed</th><th>Time (ms)</th><th>Included Groups</th><th>Excluded Groups</th></tr>
<tr><th colspan="7">Regression Suite</th></tr>
<tr><td><a href="#t0">First Test</a></td><td class="num">1</td><td class="num">0</td><td class="num">0</td><td class="num">201</td><td></td><td></td></tr>
<tr class="stripe"><td><a href="#t1">Second Test</a></td><td class="num">1</td><td class="num attn">2</td><td class="num">0</td><td class="num">59</td><td></td><td></td></tr>
<tr><td><a href="#t2">Third Test</a></td><td class="num">0</td><td class="num attn">3</td><td class="num attn">1</td><td class="num">56</td><td></td><td></td></tr>
<tr class="stripe"><td><a href="#t3">Testing</a></td><td class="num">1</td><td class="num">0</td><td class="num">0</td><td class="num">8,917</td><td></td><td></td></tr>
<tr><th>Total</th><th class="num">3</th><th class="num attn">5</th><th class="num attn">1</th><th class="num">9,233</th><th colspan="2"></th></tr>
</table>
<table id='summary'><thead><tr><th>Class</th><th>Method</th><th>Start</th><th>Time (ms)</th></tr></thead><tbody><tr><th colspan="4">Regression Suite</th></tr></tbody><tbody id="t0"><tr><th colspan="4">First Test &#8212; passed</th></tr><tr class="passedeven"><td rowspan="1">com.selenium.sai.framework.Test1</td><td><a href="#m0">test</a></td><td rowspan="1">1608196298542</td><td rowspan="1">23</td></tr></tbody>
<tbody id="t1"><tr><th colspan="4">Second Test &#8212; skipped</th></tr><tr class="skippedeven"><td rowspan="2">com.selenium.sai.framework.Test2</td><td><a href="#m1">test2</a></td><td rowspan="2">1608196298924</td><td rowspan="2">4</td></tr><tr class="skippedeven"><td><a href="#m2">test2</a></td></tr><tr><th colspan="4">Second Test &#8212; passed</th></tr><tr class="passedeven"><td rowspan="1">com.selenium.sai.framework.Test2</td><td><a href="#m3">test2</a></td><td rowspan="1">1608196298966</td><td rowspan="1">6</td></tr></tbody>
<tbody id="t2"><tr><th colspan="4">Third Test &#8212; failed</th></tr><tr class="failedeven"><td rowspan="1">com.selenium.sai.framework.Test3</td><td><a href="#m4">test3</a></td><td rowspan="1">1608196299166</td><td rowspan="1">3</td></tr><tr><th colspan="4">Third Test &#8212; skipped</th></tr><tr class="skippedeven"><td rowspan="3">com.selenium.sai.framework.Test3</td><td><a href="#m5">test3</a></td><td rowspan="3">1608196299142</td><td rowspan="3">5</td></tr><tr class="skippedeven"><td><a href="#m6">test3</a></td></tr><tr class="skippedeven"><td><a href="#m7">test3</a></td></tr></tbody>
<tbody id="t3"><tr><th colspan="4">Testing &#8212; passed</th></tr><tr class="passedeven"><td rowspan="1">com.selenium.sai.framework.testScripts.TestScreenShot</td><td><a href="#m8">testScreen</a></td><td rowspan="1">1608196305330</td><td rowspan="1">2406</td></tr></tbody>
</table>
<h2>First Test</h2><h3 id="m0">com.selenium.sai.framework.Test1#test</h3><table class="result"><tr><th>Messages</th></tr><tr><td><div class="messages">test Test Passed..</div></td></tr></table><p class="totop"><a href="#summary">back to summary</a></p>
<h2>Second Test</h2><h3 id="m1">com.selenium.sai.framework.Test2#test2</h3><table class="result"><tr><th>Messages</th></tr><tr><td><div class="messages">test2 Test Skipped.. java.lang.AssertionError: expected [true] but found [false]</div></td></tr><tr><th>Exception</th></tr><tr><td><div class="stacktrace">java.lang.AssertionError: expected [true] but found [false]
	at com.selenium.sai.framework.Test2.test2(Test2.java:18)
... Removed 29 stack frames</div></td></tr></table><p class="totop"><a href="#summary">back to summary</a></p>
<h3 id="m2">com.selenium.sai.framework.Test2#test2</h3><table class="result"><tr><th>Messages</th></tr><tr><td><div class="messages">test2 Test Skipped.. java.lang.AssertionError: expected [true] but found [false]</div></td></tr><tr><th>Exception</th></tr><tr><td><div class="stacktrace">java.lang.AssertionError: expected [true] but found [false]
	at com.selenium.sai.framework.Test2.test2(Test2.java:18)
... Removed 29 stack frames</div></td></tr></table><p class="totop"><a href="#summary">back to summary</a></p>
<h3 id="m3">com.selenium.sai.framework.Test2#test2</h3><table class="result"><tr><th>Messages</th></tr><tr><td><div class="messages">test2 Test Passed..</div></td></tr></table><p class="totop"><a href="#summary">back to summary</a></p>
<h2>Third Test</h2><h3 id="m4">com.selenium.sai.framework.Test3#test3</h3><table class="result"><tr><th>Messages</th></tr><tr><td><div class="messages">test3 Test Failed.. java.lang.AssertionError: expected [true] but found [false]</div></td></tr><tr><th>Exception</th></tr><tr><td><div class="stacktrace">java.lang.AssertionError: expected [true] but found [false]
	at com.selenium.sai.framework.Test3.test3(Test3.java:11)
... Removed 29 stack frames</div></td></tr></table><p class="totop"><a href="#summary">back to summary</a></p>
<h3 id="m5">com.selenium.sai.framework.Test3#test3</h3><table class="result"><tr><th>Messages</th></tr><tr><td><div class="messages">test3 Test Skipped.. java.lang.AssertionError: expected [true] but found [false]</div></td></tr><tr><th>Exception</th></tr><tr><td><div class="stacktrace">java.lang.AssertionError: expected [true] but found [false]
	at com.selenium.sai.framework.Test3.test3(Test3.java:11)
... Removed 29 stack frames</div></td></tr></table><p class="totop"><a href="#summary">back to summary</a></p>
<h3 id="m6">com.selenium.sai.framework.Test3#test3</h3><table class="result"><tr><th>Messages</th></tr><tr><td><div class="messages">test3 Test Skipped.. java.lang.AssertionError: expected [true] but found [false]</div></td></tr><tr><th>Exception</th></tr><tr><td><div class="stacktrace">java.lang.AssertionError: expected [true] but found [false]
	at com.selenium.sai.framework.Test3.test3(Test3.java:11)
... Removed 29 stack frames</div></td></tr></table><p class="totop"><a href="#summary">back to summary</a></p>
<h3 id="m7">com.selenium.sai.framework.Test3#test3</h3><table class="result"><tr><th>Messages</th></tr><tr><td><div class="messages">test3 Test Skipped.. java.lang.AssertionError: expected [true] but found [false]</div></td></tr><tr><th>Exception</th></tr><tr><td><div class="stacktrace">java.lang.AssertionError: expected [true] but found [false]
	at com.selenium.sai.framework.Test3.test3(Test3.java:11)
... Removed 29 stack frames</div></td></tr></table><p class="totop"><a href="#summary">back to summary</a></p>
<h2>Testing</h2><h3 id="m8">com.selenium.sai.framework.testScripts.TestScreenShot#testScreen</h3><table class="result"><tr><th>Messages</th></tr><tr><td><div class="messages">testScreen Test Passed..<br/><a href='C:\Users\ssk\eclipse-workspace_v2\pageObject_LiveProject\src\main\resources\screenShots\testScreen_17_12_2020_02_41_47.png'><img src='C:\Users\ssk\eclipse-workspace_v2\pageObject_LiveProject\src\main\resources\screenShots\testScreen_17_12_2020_02_41_47.png'height='100' width='100'/></a></div></td></tr></table><p class="totop"><a href="#summary">back to summary</a></p>
</body>
</html>
